2025-08-14 11:33:58,587 - INFO - Starting real data fetching process...
2025-08-14 11:33:58,587 - INFO - Target symbols: ['SPY', 'QQQ', 'AAPL', 'MSFT', 'NVDA', 'TSLA', 'AMZN', 'GOOGL']
2025-08-14 11:33:58,587 - INFO - Fetching VIX data...
2025-08-14 11:34:02,332 - INFO - ✓ VIX data saved: 752 records
2025-08-14 11:34:02,332 - INFO - Fetching data for SPY...
2025-08-14 11:34:02,332 - INFO -   - Fetching options data for SPY
2025-08-14 11:34:03,810 - INFO - Fetched 157 options for SPY expiry 2025-08-14
2025-08-14 11:34:03,812 - INFO -   - Fetching historical data for SPY
2025-08-14 11:34:04,152 - INFO -   ✓ Successfully fetched data for SPY
2025-08-14 11:34:04,152 - INFO -     - Options records: 157
2025-08-14 11:34:04,152 - INFO -     - Historical records: 501
2025-08-14 11:34:05,157 - INFO - Fetching data for QQQ...
2025-08-14 11:34:05,158 - INFO -   - Fetching options data for QQQ
2025-08-14 11:34:05,613 - INFO - Fetched 142 options for QQQ expiry 2025-08-14
2025-08-14 11:34:05,614 - INFO -   - Fetching historical data for QQQ
2025-08-14 11:34:05,936 - INFO -   ✓ Successfully fetched data for QQQ
2025-08-14 11:34:05,937 - INFO -     - Options records: 142
2025-08-14 11:34:05,937 - INFO -     - Historical records: 501
2025-08-14 11:34:06,939 - INFO - Fetching data for AAPL...
2025-08-14 11:34:06,939 - INFO -   - Fetching options data for AAPL
2025-08-14 11:34:07,548 - INFO - Fetched 128 options for AAPL expiry 2025-08-15
2025-08-14 11:34:07,550 - INFO -   - Fetching historical data for AAPL
2025-08-14 11:34:07,836 - INFO -   ✓ Successfully fetched data for AAPL
2025-08-14 11:34:07,836 - INFO -     - Options records: 128
2025-08-14 11:34:07,836 - INFO -     - Historical records: 501
2025-08-14 11:34:08,837 - INFO - Fetching data for MSFT...
2025-08-14 11:34:08,838 - INFO -   - Fetching options data for MSFT
2025-08-14 11:34:09,361 - INFO - Fetched 232 options for MSFT expiry 2025-08-15
2025-08-14 11:34:09,362 - INFO -   - Fetching historical data for MSFT
2025-08-14 11:34:09,615 - INFO -   ✓ Successfully fetched data for MSFT
2025-08-14 11:34:09,615 - INFO -     - Options records: 232
2025-08-14 11:34:09,615 - INFO -     - Historical records: 501
2025-08-14 11:34:10,620 - INFO - Fetching data for NVDA...
2025-08-14 11:34:10,620 - INFO -   - Fetching options data for NVDA
2025-08-14 11:34:11,103 - INFO - Fetched 179 options for NVDA expiry 2025-08-15
2025-08-14 11:34:11,104 - INFO -   - Fetching historical data for NVDA
2025-08-14 11:34:11,346 - INFO -   ✓ Successfully fetched data for NVDA
2025-08-14 11:34:11,346 - INFO -     - Options records: 179
2025-08-14 11:34:11,346 - INFO -     - Historical records: 501
2025-08-14 11:34:12,351 - INFO - Fetching data for TSLA...
2025-08-14 11:34:12,351 - INFO -   - Fetching options data for TSLA
2025-08-14 11:34:12,909 - INFO - Fetched 312 options for TSLA expiry 2025-08-15
2025-08-14 11:34:12,911 - INFO -   - Fetching historical data for TSLA
2025-08-14 11:34:13,100 - INFO -   ✓ Successfully fetched data for TSLA
2025-08-14 11:34:13,100 - INFO -     - Options records: 312
2025-08-14 11:34:13,100 - INFO -     - Historical records: 501
2025-08-14 11:34:14,105 - INFO - Fetching data for AMZN...
2025-08-14 11:34:14,106 - INFO -   - Fetching options data for AMZN
2025-08-14 11:34:14,615 - INFO - Fetched 131 options for AMZN expiry 2025-08-15
2025-08-14 11:34:14,616 - INFO -   - Fetching historical data for AMZN
2025-08-14 11:34:14,813 - INFO -   ✓ Successfully fetched data for AMZN
2025-08-14 11:34:14,813 - INFO -     - Options records: 131
2025-08-14 11:34:14,813 - INFO -     - Historical records: 501
2025-08-14 11:34:15,819 - INFO - Fetching data for GOOGL...
2025-08-14 11:34:15,819 - INFO -   - Fetching options data for GOOGL
2025-08-14 11:34:16,324 - INFO - Fetched 118 options for GOOGL expiry 2025-08-15
2025-08-14 11:34:16,326 - INFO -   - Fetching historical data for GOOGL
2025-08-14 11:34:16,500 - INFO -   ✓ Successfully fetched data for GOOGL
2025-08-14 11:34:16,500 - INFO -     - Options records: 118
2025-08-14 11:34:16,500 - INFO -     - Historical records: 501
2025-08-14 11:34:17,503 - INFO - Creating feature dataset...
2025-08-14 11:34:17,503 - INFO -   - Adding technical features for SPY
2025-08-14 11:34:17,517 - ERROR -   ✗ Error creating features for SPY: Cannot join tz-naive with tz-aware DatetimeIndex
2025-08-14 11:34:17,518 - INFO -   - Adding technical features for QQQ
2025-08-14 11:34:17,522 - ERROR -   ✗ Error creating features for QQQ: Cannot join tz-naive with tz-aware DatetimeIndex
2025-08-14 11:34:17,522 - INFO -   - Adding technical features for AAPL
2025-08-14 11:34:17,526 - ERROR -   ✗ Error creating features for AAPL: Cannot join tz-naive with tz-aware DatetimeIndex
2025-08-14 11:34:17,526 - INFO -   - Adding technical features for MSFT
2025-08-14 11:34:17,530 - ERROR -   ✗ Error creating features for MSFT: Cannot join tz-naive with tz-aware DatetimeIndex
2025-08-14 11:34:17,530 - INFO -   - Adding technical features for NVDA
2025-08-14 11:34:17,533 - ERROR -   ✗ Error creating features for NVDA: Cannot join tz-naive with tz-aware DatetimeIndex
2025-08-14 11:34:17,533 - INFO -   - Adding technical features for TSLA
2025-08-14 11:34:17,537 - ERROR -   ✗ Error creating features for TSLA: Cannot join tz-naive with tz-aware DatetimeIndex
2025-08-14 11:34:17,537 - INFO -   - Adding technical features for AMZN
2025-08-14 11:34:17,540 - ERROR -   ✗ Error creating features for AMZN: Cannot join tz-naive with tz-aware DatetimeIndex
2025-08-14 11:34:17,540 - INFO -   - Adding technical features for GOOGL
2025-08-14 11:34:17,543 - ERROR -   ✗ Error creating features for GOOGL: Cannot join tz-naive with tz-aware DatetimeIndex
2025-08-14 11:34:17,543 - INFO - Creating summary report...
2025-08-14 11:34:17,545 - INFO - ✓ Summary report saved to data/real/data_summary.json
2025-08-14 11:34:17,545 - INFO - ==================================================
2025-08-14 11:34:17,545 - INFO - DATA FETCHING COMPLETE
2025-08-14 11:34:17,545 - INFO - ==================================================
2025-08-14 11:34:17,545 - INFO - Successfully fetched data for: 8 symbols
2025-08-14 11:34:17,545 - INFO - Failed symbols: 0
2025-08-14 11:34:17,545 - INFO - Success rate: 100.0%
2025-08-14 11:34:17,545 - INFO - 
Data Summary:
2025-08-14 11:34:17,545 - INFO -   SPY: 157 options, 501 historical, 0 features
2025-08-14 11:34:17,545 - INFO -   QQQ: 142 options, 501 historical, 0 features
2025-08-14 11:34:17,545 - INFO -   AAPL: 128 options, 501 historical, 0 features
2025-08-14 11:34:17,545 - INFO -   MSFT: 232 options, 501 historical, 0 features
2025-08-14 11:34:17,545 - INFO -   NVDA: 179 options, 501 historical, 0 features
2025-08-14 11:34:17,545 - INFO -   TSLA: 312 options, 501 historical, 0 features
2025-08-14 11:34:17,545 - INFO -   AMZN: 131 options, 501 historical, 0 features
2025-08-14 11:34:17,545 - INFO -   GOOGL: 118 options, 501 historical, 0 features
2025-08-14 11:34:17,545 - INFO - 
Data files saved to:
2025-08-14 11:34:17,545 - INFO -   - Raw data: data/real/
2025-08-14 11:34:17,545 - INFO -   - Features: data/ml_features/
2025-08-14 11:34:17,545 - INFO -   - Summary: data/real/data_summary.json
